# JRE version: OpenJDK Runtime Environment (8.0_202-b03) (build 1.8.0_202-release-1483-b03)
# Java VM: OpenJDK 64-Bit Server VM (25.202-b03 mixed mode windows-amd64 compressed oops)
Heap:
 PSYoungGen      total 110592K, used 85825K [0x00000000e0000000, 0x00000000e9600000, 0x0000000100000000)
  eden space 94208K, 91% used [0x00000000e0000000,0x00000000e53d07a0,0x00000000e5c00000)
  from space 16384K, 0% used [0x00000000e5c00000,0x00000000e5c00000,0x00000000e6c00000)
  to   space 16384K, 0% used [0x00000000e8600000,0x00000000e8600000,0x00000000e9600000)
 ParOldGen       total 139264K, used 31226K [0x00000000a0000000, 0x00000000a8800000, 0x00000000e0000000)
  object space 139264K, 22% used [0x00000000a0000000,0x00000000a1e7e9c0,0x00000000a8800000)
 Metaspace       used 57834K, capacity 59584K, committed 60200K, reserved 1101824K
  class space    used 7877K, capacity 8299K, committed 8488K, reserved 1048576K
GC Heap History (10 events):
Event: 18.552 GC heap before
{Heap before GC invocations=14 (full 2):
 PSYoungGen      total 72704K, used 61936K [0x00000000e0000000, 0x00000000e6680000, 0x0000000100000000)
  eden space 61952K, 99% used [0x00000000e0000000,0x00000000e3c7c160,0x00000000e3c80000)
  from space 10752K, 0% used [0x00000000e3c80000,0x00000000e3c80000,0x00000000e4700000)
  to   space 10240K, 0% used [0x00000000e5c80000,0x00000000e5c80000,0x00000000e6680000)
 ParOldGen       total 91648K, used 16009K [0x00000000a0000000, 0x00000000a5980000, 0x00000000e0000000)
  object space 91648K, 17% used [0x00000000a0000000,0x00000000a0fa2408,0x00000000a5980000)
 Metaspace       used 42652K, capacity 43568K, committed 43688K, reserved 1087488K
  class space    used 5783K, capacity 6038K, committed 6056K, reserved 1048576K
Event: 18.569 GC heap after
Heap after GC invocations=14 (full 2):
 PSYoungGen      total 87552K, used 9602K [0x00000000e0000000, 0x00000000e6600000, 0x0000000100000000)
  eden space 77824K, 0% used [0x00000000e0000000,0x00000000e0000000,0x00000000e4c00000)
  from space 9728K, 98% used [0x00000000e5c80000,0x00000000e65e0868,0x00000000e6600000)
  to   space 11264K, 0% used [0x00000000e5000000,0x00000000e5000000,0x00000000e5b00000)
 ParOldGen       total 91648K, used 16017K [0x00000000a0000000, 0x00000000a5980000, 0x00000000e0000000)
  object space 91648K, 17% used [0x00000000a0000000,0x00000000a0fa4408,0x00000000a5980000)
 Metaspace       used 42652K, capacity 43568K, committed 43688K, reserved 1087488K
  class space    used 5783K, capacity 6038K, committed 6056K, reserved 1048576K
}
Event: 21.536 GC heap before
{Heap before GC invocations=15 (full 2):
 PSYoungGen      total 87552K, used 87426K [0x00000000e0000000, 0x00000000e6600000, 0x0000000100000000)
  eden space 77824K, 100% used [0x00000000e0000000,0x00000000e4c00000,0x00000000e4c00000)
  from space 9728K, 98% used [0x00000000e5c80000,0x00000000e65e0868,0x00000000e6600000)
  to   space 11264K, 0% used [0x00000000e5000000,0x00000000e5000000,0x00000000e5b00000)
 ParOldGen       total 91648K, used 16017K [0x00000000a0000000, 0x00000000a5980000, 0x00000000e0000000)
  object space 91648K, 17% used [0x00000000a0000000,0x00000000a0fa4408,0x00000000a5980000)
 Metaspace       used 49643K, capacity 50950K, committed 51112K, reserved 1093632K
  class space    used 6700K, capacity 7074K, committed 7080K, reserved 1048576K
Event: 21.558 GC heap after
Heap after GC invocations=15 (full 2):
 PSYoungGen      total 93184K, used 11252K [0x00000000e0000000, 0x00000000e7900000, 0x0000000100000000)
  eden space 81920K, 0% used [0x00000000e0000000,0x00000000e0000000,0x00000000e5000000)
  from space 11264K, 99% used [0x00000000e5000000,0x00000000e5afd3f8,0x00000000e5b00000)
  to   space 13312K, 0% used [0x00000000e6c00000,0x00000000e6c00000,0x00000000e7900000)
 ParOldGen       total 91648K, used 18423K [0x00000000a0000000, 0x00000000a5980000, 0x00000000e0000000)
  object space 91648K, 20% used [0x00000000a0000000,0x00000000a11fde78,0x00000000a5980000)
 Metaspace       used 49643K, capacity 50950K, committed 51112K, reserved 1093632K
  class space    used 6700K, capacity 7074K, committed 7080K, reserved 1048576K
}
Event: 24.610 GC heap before
{Heap before GC invocations=16 (full 2):
 PSYoungGen      total 93184K, used 93172K [0x00000000e0000000, 0x00000000e7900000, 0x0000000100000000)
  eden space 81920K, 100% used [0x00000000e0000000,0x00000000e5000000,0x00000000e5000000)
  from space 11264K, 99% used [0x00000000e5000000,0x00000000e5afd3f8,0x00000000e5b00000)
  to   space 13312K, 0% used [0x00000000e6c00000,0x00000000e6c00000,0x00000000e7900000)
 ParOldGen       total 91648K, used 18423K [0x00000000a0000000, 0x00000000a5980000, 0x00000000e0000000)
  object space 91648K, 20% used [0x00000000a0000000,0x00000000a11fde78,0x00000000a5980000)
 Metaspace       used 55469K, capacity 57172K, committed 57256K, reserved 1097728K
  class space    used 7566K, capacity 8027K, committed 8104K, reserved 1048576K
Event: 24.645 GC heap after
Heap after GC invocations=16 (full 2):
 PSYoungGen      total 107520K, used 13283K [0x00000000e0000000, 0x00000000e8480000, 0x0000000100000000)
  eden space 94208K, 0% used [0x00000000e0000000,0x00000000e0000000,0x00000000e5c00000)
  from space 13312K, 99% used [0x00000000e6c00000,0x00000000e78f8cf8,0x00000000e7900000)
  to   space 16384K, 0% used [0x00000000e5c00000,0x00000000e5c00000,0x00000000e6c00000)
 ParOldGen       total 91648K, used 22606K [0x00000000a0000000, 0x00000000a5980000, 0x00000000e0000000)
  object space 91648K, 24% used [0x00000000a0000000,0x00000000a1613868,0x00000000a5980000)
 Metaspace       used 55469K, capacity 57172K, committed 57256K, reserved 1097728K
  class space    used 7566K, capacity 8027K, committed 8104K, reserved 1048576K
}
Event: 25.566 GC heap before
{Heap before GC invocations=17 (full 2):
 PSYoungGen      total 107520K, used 49203K [0x00000000e0000000, 0x00000000e8480000, 0x0000000100000000)
  eden space 94208K, 38% used [0x00000000e0000000,0x00000000e2314040,0x00000000e5c00000)
  from space 13312K, 99% used [0x00000000e6c00000,0x00000000e78f8cf8,0x00000000e7900000)
  to   space 16384K, 0% used [0x00000000e5c00000,0x00000000e5c00000,0x00000000e6c00000)
 ParOldGen       total 91648K, used 22606K [0x00000000a0000000, 0x00000000a5980000, 0x00000000e0000000)
  object space 91648K, 24% used [0x00000000a0000000,0x00000000a1613868,0x00000000a5980000)
 Metaspace       used 56973K, capacity 59060K, committed 59160K, reserved 1099776K
  class space    used 7816K, capacity 8283K, committed 8360K, reserved 1048576K
Event: 25.584 GC heap after
Heap after GC invocations=17 (full 2):
 PSYoungGen      total 110592K, used 3680K [0x00000000e0000000, 0x00000000e9600000, 0x0000000100000000)
  eden space 94208K, 0% used [0x00000000e0000000,0x00000000e0000000,0x00000000e5c00000)
  from space 16384K, 22% used [0x00000000e5c00000,0x00000000e5f98020,0x00000000e6c00000)
  to   space 16384K, 0% used [0x00000000e8600000,0x00000000e8600000,0x00000000e9600000)
 ParOldGen       total 91648K, used 31957K [0x00000000a0000000, 0x00000000a5980000, 0x00000000e0000000)
  object space 91648K, 34% used [0x00000000a0000000,0x00000000a1f35610,0x00000000a5980000)
 Metaspace       used 56973K, capacity 59060K, committed 59160K, reserved 1099776K
  class space    used 7816K, capacity 8283K, committed 8360K, reserved 1048576K
}
Event: 25.584 GC heap before
{Heap before GC invocations=18 (full 3):
 PSYoungGen      total 110592K, used 3680K [0x00000000e0000000, 0x00000000e9600000, 0x0000000100000000)
  eden space 94208K, 0% used [0x00000000e0000000,0x00000000e0000000,0x00000000e5c00000)
  from space 16384K, 22% used [0x00000000e5c00000,0x00000000e5f98020,0x00000000e6c00000)
  to   space 16384K, 0% used [0x00000000e8600000,0x00000000e8600000,0x00000000e9600000)
 ParOldGen       total 91648K, used 31957K [0x00000000a0000000, 0x00000000a5980000, 0x00000000e0000000)
  object space 91648K, 34% used [0x00000000a0000000,0x00000000a1f35610,0x00000000a5980000)
 Metaspace       used 56973K, capacity 59060K, committed 59160K, reserved 1099776K
  class space    used 7816K, capacity 8283K, committed 8360K, reserved 1048576K
Event: 26.016 GC heap after
Heap after GC invocations=18 (full 3):
 PSYoungGen      total 110592K, used 0K [0x00000000e0000000, 0x00000000e9600000, 0x0000000100000000)
  eden space 94208K, 0% used [0x00000000e0000000,0x00000000e0000000,0x00000000e5c00000)
  from space 16384K, 0% used [0x00000000e5c00000,0x00000000e5c00000,0x00000000e6c00000)
  to   space 16384K, 0% used [0x00000000e8600000,0x00000000e8600000,0x00000000e9600000)
 ParOldGen       total 139264K, used 31226K [0x00000000a0000000, 0x00000000a8800000, 0x00000000e0000000)
  object space 139264K, 22% used [0x00000000a0000000,0x00000000a1e7e9c0,0x00000000a8800000)
 Metaspace       used 56787K, capacity 58542K, committed 59160K, reserved 1099776K
  class space    used 7759K, capacity 8182K, committed 8360K, reserved 1048576K
}

