# JRE version: OpenJDK Runtime Environment (8.0_202-b03) (build 1.8.0_202-release-1483-b03)
# Java VM: OpenJDK 64-Bit Server VM (25.202-b03 mixed mode windows-amd64 compressed oops)
Heap:
 PSYoungGen      total 114176K, used 21198K [0x00000000e0000000, 0x00000000e8300000, 0x0000000100000000)
  eden space 107520K, 13% used [0x00000000e0000000,0x00000000e0e784b0,0x00000000e6900000)
  from space 6656K, 95% used [0x00000000e7c80000,0x00000000e82bb598,0x00000000e8300000)
  to   space 12800K, 0% used [0x00000000e6a00000,0x00000000e6a00000,0x00000000e7680000)
 ParOldGen       total 141824K, used 33000K [0x00000000a0000000, 0x00000000a8a80000, 0x00000000e0000000)
  object space 141824K, 23% used [0x00000000a0000000,0x00000000a203a090,0x00000000a8a80000)
 Metaspace       used 58031K, capacity 59822K, committed 60056K, reserved 1101824K
  class space    used 7880K, capacity 8324K, committed 8360K, reserved 1048576K
GC Heap History (10 events):
Event: 19.435 GC heap before
{Heap before GC invocations=15 (full 2):
 PSYoungGen      total 85504K, used 85480K [0x00000000e0000000, 0x00000000e6380000, 0x0000000100000000)
  eden space 75776K, 100% used [0x00000000e0000000,0x00000000e4a00000,0x00000000e4a00000)
  from space 9728K, 99% used [0x00000000e5a00000,0x00000000e637a2b8,0x00000000e6380000)
  to   space 10752K, 0% used [0x00000000e4e80000,0x00000000e4e80000,0x00000000e5900000)
 ParOldGen       total 91648K, used 16046K [0x00000000a0000000, 0x00000000a5980000, 0x00000000e0000000)
  object space 91648K, 17% used [0x00000000a0000000,0x00000000a0fab910,0x00000000a5980000)
 Metaspace       used 49160K, capacity 50496K, committed 50856K, reserved 1093632K
  class space    used 6617K, capacity 6963K, committed 7080K, reserved 1048576K
Event: 19.462 GC heap after
Heap after GC invocations=15 (full 2):
 PSYoungGen      total 91136K, used 9510K [0x00000000e0000000, 0x00000000e7200000, 0x0000000100000000)
  eden space 80384K, 0% used [0x00000000e0000000,0x00000000e0000000,0x00000000e4e80000)
  from space 10752K, 88% used [0x00000000e4e80000,0x00000000e57c9820,0x00000000e5900000)
  to   space 11776K, 0% used [0x00000000e6680000,0x00000000e6680000,0x00000000e7200000)
 ParOldGen       total 91648K, used 19897K [0x00000000a0000000, 0x00000000a5980000, 0x00000000e0000000)
  object space 91648K, 21% used [0x00000000a0000000,0x00000000a136e708,0x00000000a5980000)
 Metaspace       used 49160K, capacity 50496K, committed 50856K, reserved 1093632K
  class space    used 6617K, capacity 6963K, committed 7080K, reserved 1048576K
}
Event: 22.363 GC heap before
{Heap before GC invocations=16 (full 2):
 PSYoungGen      total 91136K, used 89894K [0x00000000e0000000, 0x00000000e7200000, 0x0000000100000000)
  eden space 80384K, 100% used [0x00000000e0000000,0x00000000e4e80000,0x00000000e4e80000)
  from space 10752K, 88% used [0x00000000e4e80000,0x00000000e57c9820,0x00000000e5900000)
  to   space 11776K, 0% used [0x00000000e6680000,0x00000000e6680000,0x00000000e7200000)
 ParOldGen       total 91648K, used 19897K [0x00000000a0000000, 0x00000000a5980000, 0x00000000e0000000)
  object space 91648K, 21% used [0x00000000a0000000,0x00000000a136e708,0x00000000a5980000)
 Metaspace       used 55225K, capacity 56870K, committed 57128K, reserved 1097728K
  class space    used 7535K, capacity 7970K, committed 7976K, reserved 1048576K
Event: 22.395 GC heap after
Heap after GC invocations=16 (full 2):
 PSYoungGen      total 103424K, used 11760K [0x00000000e0000000, 0x00000000e7b00000, 0x0000000100000000)
  eden space 91648K, 0% used [0x00000000e0000000,0x00000000e0000000,0x00000000e5980000)
  from space 11776K, 99% used [0x00000000e6680000,0x00000000e71fc298,0x00000000e7200000)
  to   space 13312K, 0% used [0x00000000e5980000,0x00000000e5980000,0x00000000e6680000)
 ParOldGen       total 91648K, used 21423K [0x00000000a0000000, 0x00000000a5980000, 0x00000000e0000000)
  object space 91648K, 23% used [0x00000000a0000000,0x00000000a14ebdf8,0x00000000a5980000)
 Metaspace       used 55225K, capacity 56870K, committed 57128K, reserved 1097728K
  class space    used 7535K, capacity 7970K, committed 7976K, reserved 1048576K
}
Event: 24.065 GC heap before
{Heap before GC invocations=17 (full 2):
 PSYoungGen      total 103424K, used 72612K [0x00000000e0000000, 0x00000000e7b00000, 0x0000000100000000)
  eden space 91648K, 66% used [0x00000000e0000000,0x00000000e3b6cdc8,0x00000000e5980000)
  from space 11776K, 99% used [0x00000000e6680000,0x00000000e71fc298,0x00000000e7200000)
  to   space 13312K, 0% used [0x00000000e5980000,0x00000000e5980000,0x00000000e6680000)
 ParOldGen       total 91648K, used 21423K [0x00000000a0000000, 0x00000000a5980000, 0x00000000e0000000)
  object space 91648K, 23% used [0x00000000a0000000,0x00000000a14ebdf8,0x00000000a5980000)
 Metaspace       used 57170K, capacity 59070K, committed 59160K, reserved 1099776K
  class space    used 7809K, capacity 8228K, committed 8232K, reserved 1048576K
Event: 24.087 GC heap after
Heap after GC invocations=17 (full 2):
 PSYoungGen      total 104960K, used 6058K [0x00000000e0000000, 0x00000000e8980000, 0x0000000100000000)
  eden space 91648K, 0% used [0x00000000e0000000,0x00000000e0000000,0x00000000e5980000)
  from space 13312K, 45% used [0x00000000e5980000,0x00000000e5f6a978,0x00000000e6680000)
  to   space 13312K, 0% used [0x00000000e7c80000,0x00000000e7c80000,0x00000000e8980000)
 ParOldGen       total 91648K, used 30168K [0x00000000a0000000, 0x00000000a5980000, 0x00000000e0000000)
  object space 91648K, 32% used [0x00000000a0000000,0x00000000a1d76058,0x00000000a5980000)
 Metaspace       used 57170K, capacity 59070K, committed 59160K, reserved 1099776K
  class space    used 7809K, capacity 8228K, committed 8232K, reserved 1048576K
}
Event: 24.088 GC heap before
{Heap before GC invocations=18 (full 3):
 PSYoungGen      total 104960K, used 6058K [0x00000000e0000000, 0x00000000e8980000, 0x0000000100000000)
  eden space 91648K, 0% used [0x00000000e0000000,0x00000000e0000000,0x00000000e5980000)
  from space 13312K, 45% used [0x00000000e5980000,0x00000000e5f6a978,0x00000000e6680000)
  to   space 13312K, 0% used [0x00000000e7c80000,0x00000000e7c80000,0x00000000e8980000)
 ParOldGen       total 91648K, used 30168K [0x00000000a0000000, 0x00000000a5980000, 0x00000000e0000000)
  object space 91648K, 32% used [0x00000000a0000000,0x00000000a1d76058,0x00000000a5980000)
 Metaspace       used 57170K, capacity 59070K, committed 59160K, reserved 1099776K
  class space    used 7809K, capacity 8228K, committed 8232K, reserved 1048576K
Event: 24.508 GC heap after
Heap after GC invocations=18 (full 3):
 PSYoungGen      total 104960K, used 0K [0x00000000e0000000, 0x00000000e8980000, 0x0000000100000000)
  eden space 91648K, 0% used [0x00000000e0000000,0x00000000e0000000,0x00000000e5980000)
  from space 13312K, 0% used [0x00000000e5980000,0x00000000e5980000,0x00000000e6680000)
  to   space 13312K, 0% used [0x00000000e7c80000,0x00000000e7c80000,0x00000000e8980000)
 ParOldGen       total 141824K, used 32992K [0x00000000a0000000, 0x00000000a8a80000, 0x00000000e0000000)
  object space 141824K, 23% used [0x00000000a0000000,0x00000000a2038090,0x00000000a8a80000)
 Metaspace       used 57081K, capacity 58814K, committed 59160K, reserved 1099776K
  class space    used 7782K, capacity 8180K, committed 8232K, reserved 1048576K
}
Event: 27.059 GC heap before
{Heap before GC invocations=19 (full 3):
 PSYoungGen      total 104960K, used 91648K [0x00000000e0000000, 0x00000000e8980000, 0x0000000100000000)
  eden space 91648K, 100% used [0x00000000e0000000,0x00000000e5980000,0x00000000e5980000)
  from space 13312K, 0% used [0x00000000e5980000,0x00000000e5980000,0x00000000e6680000)
  to   space 13312K, 0% used [0x00000000e7c80000,0x00000000e7c80000,0x00000000e8980000)
 ParOldGen       total 141824K, used 32992K [0x00000000a0000000, 0x00000000a8a80000, 0x00000000e0000000)
  object space 141824K, 23% used [0x00000000a0000000,0x00000000a2038090,0x00000000a8a80000)
 Metaspace       used 57970K, capacity 59758K, committed 60056K, reserved 1101824K
  class space    used 7880K, capacity 8324K, committed 8360K, reserved 1048576K
Event: 27.082 GC heap after
Heap after GC invocations=19 (full 3):
 PSYoungGen      total 114176K, used 6381K [0x00000000e0000000, 0x00000000e8300000, 0x0000000100000000)
  eden space 107520K, 0% used [0x00000000e0000000,0x00000000e0000000,0x00000000e6900000)
  from space 6656K, 95% used [0x00000000e7c80000,0x00000000e82bb598,0x00000000e8300000)
  to   space 12800K, 0% used [0x00000000e6a00000,0x00000000e6a00000,0x00000000e7680000)
 ParOldGen       total 141824K, used 33000K [0x00000000a0000000, 0x00000000a8a80000, 0x00000000e0000000)
  object space 141824K, 23% used [0x00000000a0000000,0x00000000a203a090,0x00000000a8a80000)
 Metaspace       used 57970K, capacity 59758K, committed 60056K, reserved 1101824K
  class space    used 7880K, capacity 8324K, committed 8360K, reserved 1048576K
}

