# JRE version: OpenJDK Runtime Environment (8.0_202-b03) (build 1.8.0_202-release-1483-b03)
# Java VM: OpenJDK 64-Bit Server VM (25.202-b03 mixed mode windows-amd64 compressed oops)
Heap:
 PSYoungGen      total 107520K, used 57159K [0x00000000e0000000, 0x00000000e8f00000, 0x0000000100000000)
  eden space 93184K, 61% used [0x00000000e0000000,0x00000000e37d1c30,0x00000000e5b00000)
  from space 14336K, 0% used [0x00000000e5b00000,0x00000000e5b00000,0x00000000e6900000)
  to   space 14336K, 0% used [0x00000000e8100000,0x00000000e8100000,0x00000000e8f00000)
 ParOldGen       total 140800K, used 31626K [0x00000000a0000000, 0x00000000a8980000, 0x00000000e0000000)
  object space 140800K, 22% used [0x00000000a0000000,0x00000000a1ee2a90,0x00000000a8980000)
 Metaspace       used 57575K, capacity 59332K, committed 59904K, reserved 1101824K
  class space    used 7840K, capacity 8255K, committed 8448K, reserved 1048576K
GC Heap History (10 events):
Event: 16.075 GC heap before
{Heap before GC invocations=14 (full 2):
 PSYoungGen      total 72192K, used 62464K [0x00000000e0000000, 0x00000000e6680000, 0x0000000100000000)
  eden space 62464K, 100% used [0x00000000e0000000,0x00000000e3d00000,0x00000000e3d00000)
  from space 9728K, 0% used [0x00000000e3d00000,0x00000000e3d00000,0x00000000e4680000)
  to   space 10240K, 0% used [0x00000000e5c80000,0x00000000e5c80000,0x00000000e6680000)
 ParOldGen       total 92672K, used 15951K [0x00000000a0000000, 0x00000000a5a80000, 0x00000000e0000000)
  object space 92672K, 17% used [0x00000000a0000000,0x00000000a0f93cb0,0x00000000a5a80000)
 Metaspace       used 42490K, capacity 43306K, committed 43392K, reserved 1087488K
  class space    used 5754K, capacity 5993K, committed 6016K, reserved 1048576K
Event: 16.094 GC heap after
Heap after GC invocations=14 (full 2):
 PSYoungGen      total 87552K, used 10238K [0x00000000e0000000, 0x00000000e6680000, 0x0000000100000000)
  eden space 77312K, 0% used [0x00000000e0000000,0x00000000e0000000,0x00000000e4b80000)
  from space 10240K, 99% used [0x00000000e5c80000,0x00000000e667f8b0,0x00000000e6680000)
  to   space 11264K, 0% used [0x00000000e5080000,0x00000000e5080000,0x00000000e5b80000)
 ParOldGen       total 92672K, used 16091K [0x00000000a0000000, 0x00000000a5a80000, 0x00000000e0000000)
  object space 92672K, 17% used [0x00000000a0000000,0x00000000a0fb6ec0,0x00000000a5a80000)
 Metaspace       used 42490K, capacity 43306K, committed 43392K, reserved 1087488K
  class space    used 5754K, capacity 5993K, committed 6016K, reserved 1048576K
}
Event: 19.020 GC heap before
{Heap before GC invocations=15 (full 2):
 PSYoungGen      total 87552K, used 87550K [0x00000000e0000000, 0x00000000e6680000, 0x0000000100000000)
  eden space 77312K, 100% used [0x00000000e0000000,0x00000000e4b80000,0x00000000e4b80000)
  from space 10240K, 99% used [0x00000000e5c80000,0x00000000e667f8b0,0x00000000e6680000)
  to   space 11264K, 0% used [0x00000000e5080000,0x00000000e5080000,0x00000000e5b80000)
 ParOldGen       total 92672K, used 16091K [0x00000000a0000000, 0x00000000a5a80000, 0x00000000e0000000)
  object space 92672K, 17% used [0x00000000a0000000,0x00000000a0fb6ec0,0x00000000a5a80000)
 Metaspace       used 49768K, capacity 51078K, committed 51200K, reserved 1093632K
  class space    used 6728K, capacity 7068K, committed 7168K, reserved 1048576K
Event: 19.044 GC heap after
Heap after GC invocations=15 (full 2):
 PSYoungGen      total 93696K, used 10224K [0x00000000e0000000, 0x00000000e7500000, 0x0000000100000000)
  eden space 82432K, 0% used [0x00000000e0000000,0x00000000e0000000,0x00000000e5080000)
  from space 11264K, 90% used [0x00000000e5080000,0x00000000e5a7c370,0x00000000e5b80000)
  to   space 12288K, 0% used [0x00000000e6900000,0x00000000e6900000,0x00000000e7500000)
 ParOldGen       total 92672K, used 19999K [0x00000000a0000000, 0x00000000a5a80000, 0x00000000e0000000)
  object space 92672K, 21% used [0x00000000a0000000,0x00000000a1387ec8,0x00000000a5a80000)
 Metaspace       used 49768K, capacity 51078K, committed 51200K, reserved 1093632K
  class space    used 6728K, capacity 7068K, committed 7168K, reserved 1048576K
}
Event: 21.956 GC heap before
{Heap before GC invocations=16 (full 2):
 PSYoungGen      total 93696K, used 92656K [0x00000000e0000000, 0x00000000e7500000, 0x0000000100000000)
  eden space 82432K, 100% used [0x00000000e0000000,0x00000000e5080000,0x00000000e5080000)
  from space 11264K, 90% used [0x00000000e5080000,0x00000000e5a7c370,0x00000000e5b80000)
  to   space 12288K, 0% used [0x00000000e6900000,0x00000000e6900000,0x00000000e7500000)
 ParOldGen       total 92672K, used 19999K [0x00000000a0000000, 0x00000000a5a80000, 0x00000000e0000000)
  object space 92672K, 21% used [0x00000000a0000000,0x00000000a1387ec8,0x00000000a5a80000)
 Metaspace       used 55440K, capacity 57088K, committed 57216K, reserved 1097728K
  class space    used 7559K, capacity 8017K, committed 8064K, reserved 1048576K
Event: 21.988 GC heap after
Heap after GC invocations=16 (full 2):
 PSYoungGen      total 105472K, used 12271K [0x00000000e0000000, 0x00000000e7f80000, 0x0000000100000000)
  eden space 93184K, 0% used [0x00000000e0000000,0x00000000e0000000,0x00000000e5b00000)
  from space 12288K, 99% used [0x00000000e6900000,0x00000000e74fbc58,0x00000000e7500000)
  to   space 14336K, 0% used [0x00000000e5b00000,0x00000000e5b00000,0x00000000e6900000)
 ParOldGen       total 92672K, used 21299K [0x00000000a0000000, 0x00000000a5a80000, 0x00000000e0000000)
  object space 92672K, 22% used [0x00000000a0000000,0x00000000a14ccd80,0x00000000a5a80000)
 Metaspace       used 55440K, capacity 57088K, committed 57216K, reserved 1097728K
  class space    used 7559K, capacity 8017K, committed 8064K, reserved 1048576K
}
Event: 22.964 GC heap before
{Heap before GC invocations=17 (full 2):
 PSYoungGen      total 105472K, used 53400K [0x00000000e0000000, 0x00000000e7f80000, 0x0000000100000000)
  eden space 93184K, 44% used [0x00000000e0000000,0x00000000e282a768,0x00000000e5b00000)
  from space 12288K, 99% used [0x00000000e6900000,0x00000000e74fbc58,0x00000000e7500000)
  to   space 14336K, 0% used [0x00000000e5b00000,0x00000000e5b00000,0x00000000e6900000)
 ParOldGen       total 92672K, used 21299K [0x00000000a0000000, 0x00000000a5a80000, 0x00000000e0000000)
  object space 92672K, 22% used [0x00000000a0000000,0x00000000a14ccd80,0x00000000a5a80000)
 Metaspace       used 56947K, capacity 59018K, committed 59096K, reserved 1099776K
  class space    used 7792K, capacity 8260K, committed 8320K, reserved 1048576K
Event: 22.983 GC heap after
Heap after GC invocations=17 (full 2):
 PSYoungGen      total 107520K, used 3946K [0x00000000e0000000, 0x00000000e8f00000, 0x0000000100000000)
  eden space 93184K, 0% used [0x00000000e0000000,0x00000000e0000000,0x00000000e5b00000)
  from space 14336K, 27% used [0x00000000e5b00000,0x00000000e5eda978,0x00000000e6900000)
  to   space 14336K, 0% used [0x00000000e8100000,0x00000000e8100000,0x00000000e8f00000)
 ParOldGen       total 92672K, used 30795K [0x00000000a0000000, 0x00000000a5a80000, 0x00000000e0000000)
  object space 92672K, 33% used [0x00000000a0000000,0x00000000a1e12ff0,0x00000000a5a80000)
 Metaspace       used 56947K, capacity 59018K, committed 59096K, reserved 1099776K
  class space    used 7792K, capacity 8260K, committed 8320K, reserved 1048576K
}
Event: 22.983 GC heap before
{Heap before GC invocations=18 (full 3):
 PSYoungGen      total 107520K, used 3946K [0x00000000e0000000, 0x00000000e8f00000, 0x0000000100000000)
  eden space 93184K, 0% used [0x00000000e0000000,0x00000000e0000000,0x00000000e5b00000)
  from space 14336K, 27% used [0x00000000e5b00000,0x00000000e5eda978,0x00000000e6900000)
  to   space 14336K, 0% used [0x00000000e8100000,0x00000000e8100000,0x00000000e8f00000)
 ParOldGen       total 92672K, used 30795K [0x00000000a0000000, 0x00000000a5a80000, 0x00000000e0000000)
  object space 92672K, 33% used [0x00000000a0000000,0x00000000a1e12ff0,0x00000000a5a80000)
 Metaspace       used 56947K, capacity 59018K, committed 59096K, reserved 1099776K
  class space    used 7792K, capacity 8260K, committed 8320K, reserved 1048576K
Event: 23.424 GC heap after
Heap after GC invocations=18 (full 3):
 PSYoungGen      total 107520K, used 0K [0x00000000e0000000, 0x00000000e8f00000, 0x0000000100000000)
  eden space 93184K, 0% used [0x00000000e0000000,0x00000000e0000000,0x00000000e5b00000)
  from space 14336K, 0% used [0x00000000e5b00000,0x00000000e5b00000,0x00000000e6900000)
  to   space 14336K, 0% used [0x00000000e8100000,0x00000000e8100000,0x00000000e8f00000)
 ParOldGen       total 140800K, used 31626K [0x00000000a0000000, 0x00000000a8980000, 0x00000000e0000000)
  object space 140800K, 22% used [0x00000000a0000000,0x00000000a1ee2a90,0x00000000a8980000)
 Metaspace       used 56782K, capacity 58522K, committed 59096K, reserved 1099776K
  class space    used 7742K, capacity 8172K, committed 8320K, reserved 1048576K
}

